<?xml version="1.0" encoding="UTF-8"?>
<!-- Generated by org.testng.reporters.JUnitXMLReporter -->
<testsuite ignored="0" hostname="mdsohil" failures="1" tests="15" name="Default test" time="39.254" errors="0" timestamp="2022-11-22T11:30:46 IST">
  <testcase classname="Handling_Alerts_ConfirmBox_TestCases.Alerts_TestCases" name="SwitchToPresentTest" time="0.187"/>
  <testcase classname="Handling_Alerts_ConfirmBox_TestCases.Alerts_TestCases" name="mousehover" time="12.851"/>
  <testcase classname="Handling_Alerts_ConfirmBox_TestCases.Alerts_TestCases" name="alertboxTest" time="1.715"/>
  <testcase classname="Handling_Alerts_ConfirmBox_TestCases.Alerts_TestCases" name="AlertPresentTest" time="2.028"/>
  <testcase classname="Handling_Alerts_ConfirmBox_TestCases.Alerts_TestCases" name="AcceptAlertTest" time="2.031"/>
  <testcase classname="Handling_Alerts_ConfirmBox_TestCases.Alerts_TestCases" name="isAlertWithOKAndCancelTest" time="2.537"/>
  <testcase classname="Handling_Alerts_ConfirmBox_TestCases.Alerts_TestCases" name="clickOnAlertWithOKAndCancelTest" time="0.141"/>
  <testcase classname="Handling_Alerts_ConfirmBox_TestCases.Alerts_TestCases" name="clickConfirmBoxTest" time="1.545"/>
  <testcase classname="Handling_Alerts_ConfirmBox_TestCases.Alerts_TestCases" name="isConfirmBoxPresentTest" time="1.026"/>
  <testcase classname="Handling_Alerts_ConfirmBox_TestCases.Alerts_TestCases" name="AcceptPopUpBoxTest" time="1.039"/>
  <testcase classname="Handling_Alerts_ConfirmBox_TestCases.Alerts_TestCases" name="isAlertWithTextPresentTest" time="1.116"/>
  <testcase classname="Handling_Alerts_ConfirmBox_TestCases.Alerts_TestCases" name="clickAlertWithTextPresentTest" time="1.145"/>
  <testcase classname="Handling_Alerts_ConfirmBox_TestCases.Alerts_TestCases" name="clickOnPrompBoxTest" time="0.161"/>
  <testcase classname="Handling_Alerts_ConfirmBox_TestCases.Alerts_TestCases" name="isPrompBoxPresentTest" time="0.057">
    <failure type="org.openqa.selenium.UnhandledAlertException" message="unexpected alert open: {Alert text : Please enter your name}
  (Session info: chrome=107.0.5304.107): Please enter your name
Build info: version: &amp;apos;4.5.3&amp;apos;, revision: &amp;apos;4b786a1e430&amp;apos;
System info: os.name: &amp;apos;Windows 11&amp;apos;, os.arch: &amp;apos;amd64&amp;apos;, os.version: &amp;apos;10.0&amp;apos;, java.version: &amp;apos;19&amp;apos;
Driver info: org.openqa.selenium.chrome.ChromeDriver
Command: [6710794c87ad234d6b0f04c08f79c080, screenshot {}]
Capabilities {acceptInsecureCerts: false, browserName: chrome, browserVersion: 107.0.5304.107, chrome: {chromedriverVersion: 107.0.5304.62 (1eec40d3a576..., userDataDir: C:\Users\mdsohil\AppData\Lo...}, goog:chromeOptions: {debuggerAddress: localhost:58758}, networkConnectionEnabled: false, pageLoadStrategy: normal, platformName: WINDOWS, proxy: Proxy(), se:cdp: ws://localhost:58758/devtoo..., se:cdpVersion: 107.0.5304.107, setWindowRect: true, strictFileInteractability: false, timeouts: {implicit: 0, pageLoad: 300000, script: 30000}, unhandledPromptBehavior: dismiss and notify, webauthn:extension:credBlob: true, webauthn:extension:largeBlob: true, webauthn:virtualAuthenticators: true}
Session ID: 6710794c87ad234d6b0f04c08f79c080">
      <![CDATA[org.openqa.selenium.UnhandledAlertException: unexpected alert open: {Alert text : Please enter your name}
  (Session info: chrome=107.0.5304.107): Please enter your name
Build info: version: '4.5.3', revision: '4b786a1e430'
System info: os.name: 'Windows 11', os.arch: 'amd64', os.version: '10.0', java.version: '19'
Driver info: org.openqa.selenium.chrome.ChromeDriver
Command: [6710794c87ad234d6b0f04c08f79c080, screenshot {}]
Capabilities {acceptInsecureCerts: false, browserName: chrome, browserVersion: 107.0.5304.107, chrome: {chromedriverVersion: 107.0.5304.62 (1eec40d3a576..., userDataDir: C:\Users\mdsohil\AppData\Lo...}, goog:chromeOptions: {debuggerAddress: localhost:58758}, networkConnectionEnabled: false, pageLoadStrategy: normal, platformName: WINDOWS, proxy: Proxy(), se:cdp: ws://localhost:58758/devtoo..., se:cdpVersion: 107.0.5304.107, setWindowRect: true, strictFileInteractability: false, timeouts: {implicit: 0, pageLoad: 300000, script: 30000}, unhandledPromptBehavior: dismiss and notify, webauthn:extension:credBlob: true, webauthn:extension:largeBlob: true, webauthn:virtualAuthenticators: true}
Session ID: 6710794c87ad234d6b0f04c08f79c080
at org.openqa.selenium.remote.codec.w3c.W3CHttpResponseCodec.decode(W3CHttpResponseCodec.java:131)
at org.openqa.selenium.remote.codec.w3c.W3CHttpResponseCodec.decode(W3CHttpResponseCodec.java:53)
at org.openqa.selenium.remote.HttpCommandExecutor.execute(HttpCommandExecutor.java:184)
at org.openqa.selenium.remote.service.DriverCommandExecutor.invokeExecute(DriverCommandExecutor.java:167)
at org.openqa.selenium.remote.service.DriverCommandExecutor.execute(DriverCommandExecutor.java:142)
at org.openqa.selenium.remote.RemoteWebDriver.execute(RemoteWebDriver.java:541)
at org.openqa.selenium.remote.RemoteWebDriver.execute(RemoteWebDriver.java:596)
at org.openqa.selenium.remote.RemoteWebDriver.execute(RemoteWebDriver.java:600)
at org.openqa.selenium.remote.RemoteWebDriver.getScreenshotAs(RemoteWebDriver.java:331)
at Handling_Alerts_ConfirmBox_TestUtilities.TestUtilities.takeScreenshot(TestUtilities.java:181)
at Handling_Alerts_ConfirmBox_TestCases.Alerts_TestCases.isPrompBoxPresentTest(Alerts_TestCases.java:123)
at java.base/jdk.internal.reflect.DirectMethodHandleAccessor.invoke(DirectMethodHandleAccessor.java:104)
at java.base/java.lang.reflect.Method.invoke(Method.java:578)
at org.testng.internal.MethodInvocationHelper.invokeMethod(MethodInvocationHelper.java:133)
at org.testng.internal.TestInvoker.invokeMethod(TestInvoker.java:598)
at org.testng.internal.TestInvoker.invokeTestMethod(TestInvoker.java:173)
at org.testng.internal.MethodRunner.runInSequence(MethodRunner.java:46)
at org.testng.internal.TestInvoker$MethodInvocationAgent.invoke(TestInvoker.java:824)
at org.testng.internal.TestInvoker.invokeTestMethods(TestInvoker.java:146)
at org.testng.internal.TestMethodWorker.invokeTestMethods(TestMethodWorker.java:146)
at org.testng.internal.TestMethodWorker.run(TestMethodWorker.java:128)
at java.base/java.util.ArrayList.forEach(ArrayList.java:1511)
at org.testng.TestRunner.privateRun(TestRunner.java:794)
at org.testng.TestRunner.run(TestRunner.java:596)
at org.testng.SuiteRunner.runTest(SuiteRunner.java:377)
at org.testng.SuiteRunner.runSequentially(SuiteRunner.java:371)
at org.testng.SuiteRunner.privateRun(SuiteRunner.java:332)
at org.testng.SuiteRunner.run(SuiteRunner.java:276)
at org.testng.SuiteRunnerWorker.runSuite(SuiteRunnerWorker.java:53)
at org.testng.SuiteRunnerWorker.run(SuiteRunnerWorker.java:96)
at org.testng.TestNG.runSuitesSequentially(TestNG.java:1212)
at org.testng.TestNG.runSuitesLocally(TestNG.java:1134)
at org.testng.TestNG.runSuites(TestNG.java:1063)
at org.testng.TestNG.run(TestNG.java:1031)
at org.testng.remote.AbstractRemoteTestNG.run(AbstractRemoteTestNG.java:115)
at org.testng.remote.RemoteTestNG.initAndRun(RemoteTestNG.java:251)
at org.testng.remote.RemoteTestNG.main(RemoteTestNG.java:77)
]]>
    </failure>
  </testcase> <!-- isPrompBoxPresentTest -->
  <testcase classname="Handling_Alerts_ConfirmBox_TestCases.Alerts_TestCases" name="enterInPrompBoxTest" time="0.0">
    <skipped/>
  </testcase> <!-- enterInPrompBoxTest -->
</testsuite> <!-- Default test -->
